[02:05:22] [plugins/mysql] mysql_tquery: callback error: callback "CARSHOP_Load" does not exist (C:\Users\Tle Phakphoom\Desktop\SAMP-Black-Woods\gamemodes\bw.pwn:1874 -> C:\Users\Tle Phakphoom\Desktop\SAMP-Black-Woods\pawno\include\eSelection.inc:294)
[02:05:22] [plugins/mysql] mysql_tquery: callback error: callback "cartune_Load" does not exist (C:\Users\Tle Phakphoom\Desktop\SAMP-Black-Woods\gamemodes\bw.pwn:1880 -> C:\Users\Tle Phakphoom\Desktop\SAMP-Black-Woods\pawno\include\eSelection.inc:294)
[02:05:22] [plugins/mysql] mysql_tquery: callback error: callback "VehicleShop_Load" does not exist (C:\Users\Tle Phakphoom\Desktop\SAMP-Black-Woods\gamemodes\bw.pwn:1881 -> C:\Users\Tle Phakphoom\Desktop\SAMP-Black-Woods\pawno\include\eSelection.inc:294)
[02:05:22] [plugins/mysql] mysql_tquery: callback error: callback "Pickcar_Load" does not exist (C:\Users\Tle Phakphoom\Desktop\SAMP-Black-Woods\gamemodes\bw.pwn:1882 -> C:\Users\Tle Phakphoom\Desktop\SAMP-Black-Woods\pawno\include\eSelection.inc:294)
[02:05:22] [plugins/mysql] mysql_tquery: callback error: callback "Objectt_Load" does not exist (C:\Users\Tle Phakphoom\Desktop\SAMP-Black-Woods\gamemodes\bw.pwn:1883 -> C:\Users\Tle Phakphoom\Desktop\SAMP-Black-Woods\pawno\include\eSelection.inc:294)
[02:05:22] [plugins/mysql] error #1146 while executing query "SELECT * FROM board": Table 'bw.board' doesn't exist (C:\Users\Tle Phakphoom\Desktop\SAMP-Black-Woods\gamemodes\bw.pwn:1879 -> C:\Users\Tle Phakphoom\Desktop\SAMP-Black-Woods\pawno\include\eSelection.inc:294)
[02:05:22] [plugins/mysql] cache_get_value_name_int: field 'carTune' not found (C:\Users\Tle Phakphoom\Desktop\SAMP-Black-Woods\gamemodes\bw.pwn:5844)
[02:05:22] [plugins/mysql] cache_get_value_name_int: field 'carTune' not found (C:\Users\Tle Phakphoom\Desktop\SAMP-Black-Woods\gamemodes\bw.pwn:5844)
[02:05:22] [plugins/mysql] cache_get_value_name_int: field 'carTune' not found (C:\Users\Tle Phakphoom\Desktop\SAMP-Black-Woods\gamemodes\bw.pwn:5844)
[02:05:22] [plugins/mysql] cache_get_value_name_int: field 'carTune' not found (C:\Users\Tle Phakphoom\Desktop\SAMP-Black-Woods\gamemodes\bw.pwn:5844)
[02:05:22] [plugins/mysql] cache_get_value_name_int: field 'carTune' not found (C:\Users\Tle Phakphoom\Desktop\SAMP-Black-Woods\gamemodes\bw.pwn:5844)
[02:05:22] [plugins/mysql] cache_get_value_name_int: field 'carTune' not found (C:\Users\Tle Phakphoom\Desktop\SAMP-Black-Woods\gamemodes\bw.pwn:5844)
[02:05:22] [plugins/mysql] cache_get_value_name_int: field 'carTune' not found (C:\Users\Tle Phakphoom\Desktop\SAMP-Black-Woods\gamemodes\bw.pwn:5844)
[02:05:22] [plugins/mysql] cache_get_value_name_int: field 'carTune' not found (C:\Users\Tle Phakphoom\Desktop\SAMP-Black-Woods\gamemodes\bw.pwn:5844)
[02:05:22] [plugins/mysql] cache_get_value_name_int: field 'carTune' not found (C:\Users\Tle Phakphoom\Desktop\SAMP-Black-Woods\gamemodes\bw.pwn:5844)
[02:05:22] [plugins/mysql] cache_get_value_name_int: field 'carTune' not found (C:\Users\Tle Phakphoom\Desktop\SAMP-Black-Woods\gamemodes\bw.pwn:5844)
[02:05:22] [plugins/mysql] cache_get_value_name_int: field 'carTune' not found (C:\Users\Tle Phakphoom\Desktop\SAMP-Black-Woods\gamemodes\bw.pwn:5844)
[02:05:22] [plugins/mysql] cache_get_value_name_int: field 'carTune' not found (C:\Users\Tle Phakphoom\Desktop\SAMP-Black-Woods\gamemodes\bw.pwn:5844)
[02:05:22] [plugins/mysql] cache_get_value_name_int: field 'carTune' not found (C:\Users\Tle Phakphoom\Desktop\SAMP-Black-Woods\gamemodes\bw.pwn:5844)
[02:05:22] [plugins/mysql] cache_get_value_name_int: field 'carTune' not found (C:\Users\Tle Phakphoom\Desktop\SAMP-Black-Woods\gamemodes\bw.pwn:5844)
[02:05:22] [plugins/mysql] cache_get_value_name_int: field 'carTune' not found (C:\Users\Tle Phakphoom\Desktop\SAMP-Black-Woods\gamemodes\bw.pwn:5844)
[02:05:22] [plugins/mysql] cache_get_value_name_int: field 'carTune' not found (C:\Users\Tle Phakphoom\Desktop\SAMP-Black-Woods\gamemodes\bw.pwn:5844)
[02:05:22] [plugins/mysql] cache_get_value_name_int: field 'carTune' not found (C:\Users\Tle Phakphoom\Desktop\SAMP-Black-Woods\gamemodes\bw.pwn:5844)
[02:05:22] [plugins/mysql] cache_get_value_name_int: field 'carTune' not found (C:\Users\Tle Phakphoom\Desktop\SAMP-Black-Woods\gamemodes\bw.pwn:5844)
[02:05:22] [plugins/mysql] cache_get_value_name_int: field 'carTune' not found (C:\Users\Tle Phakphoom\Desktop\SAMP-Black-Woods\gamemodes\bw.pwn:5844)
[02:05:22] [plugins/mysql] cache_get_value_name_int: field 'carTune' not found (C:\Users\Tle Phakphoom\Desktop\SAMP-Black-Woods\gamemodes\bw.pwn:5844)
[02:05:22] [plugins/mysql] cache_get_value_name_int: field 'carTune' not found (C:\Users\Tle Phakphoom\Desktop\SAMP-Black-Woods\gamemodes\bw.pwn:5844)
[02:05:22] [plugins/mysql] cache_get_value_name_int: field 'carTune' not found (C:\Users\Tle Phakphoom\Desktop\SAMP-Black-Woods\gamemodes\bw.pwn:5844)
[02:05:22] [plugins/mysql] cache_get_value_name_int: field 'carTune' not found (C:\Users\Tle Phakphoom\Desktop\SAMP-Black-Woods\gamemodes\bw.pwn:5844)
[02:05:22] [plugins/mysql] cache_get_value_name_int: field 'carTune' not found (C:\Users\Tle Phakphoom\Desktop\SAMP-Black-Woods\gamemodes\bw.pwn:5844)
[02:05:22] [plugins/mysql] cache_get_value_name_int: field 'carTune' not found (C:\Users\Tle Phakphoom\Desktop\SAMP-Black-Woods\gamemodes\bw.pwn:5844)
[02:05:22] [plugins/mysql] cache_get_value_name_int: field 'carTune' not found (C:\Users\Tle Phakphoom\Desktop\SAMP-Black-Woods\gamemodes\bw.pwn:5844)
[02:05:22] [plugins/mysql] cache_get_value_name_int: field 'carTune' not found (C:\Users\Tle Phakphoom\Desktop\SAMP-Black-Woods\gamemodes\bw.pwn:5844)
[02:05:22] [plugins/mysql] cache_get_value_name_int: field 'carTune' not found (C:\Users\Tle Phakphoom\Desktop\SAMP-Black-Woods\gamemodes\bw.pwn:5844)
[02:05:22] [plugins/mysql] cache_get_value_name_int: field 'carTune' not found (C:\Users\Tle Phakphoom\Desktop\SAMP-Black-Woods\gamemodes\bw.pwn:5844)
[02:05:22] [plugins/mysql] cache_get_value_name_int: field 'carTune' not found (C:\Users\Tle Phakphoom\Desktop\SAMP-Black-Woods\gamemodes\bw.pwn:5844)
[02:05:22] [plugins/mysql] cache_get_value_name: field 'businessPartName' not found (system/dynamic/business.pwn:49)
[02:05:22] [plugins/mysql] cache_get_value_name: field 'businessPartName' not found (system/dynamic/business.pwn:49)
[02:05:22] [plugins/mysql] cache_get_value_name: field 'businessPartName' not found (system/dynamic/business.pwn:49)
[02:05:22] [plugins/mysql] cache_get_value_name: field 'businessPartName' not found (system/dynamic/business.pwn:49)
[02:05:22] [plugins/mysql] cache_get_value_name: field 'businessPartName' not found (system/dynamic/business.pwn:49)
[02:05:22] [plugins/mysql] cache_get_value_name: field 'businessPartName' not found (system/dynamic/business.pwn:49)
[02:05:22] [plugins/mysql] cache_get_value_name: field 'businessPartName' not found (system/dynamic/business.pwn:49)
